d:\liam\documents\visual studio 2013\projects\match3project\match3project\debug\match3project.pch
d:\liam\documents\visual studio 2013\projects\match3project\match3project\debug\vc120.pdb
d:\liam\documents\visual studio 2013\projects\match3project\match3project\debug\vc120.idb
d:\liam\documents\visual studio 2013\projects\match3project\match3project\debug\stdafx.obj
d:\liam\documents\visual studio 2013\projects\match3project\match3project\debug\match3project.obj
d:\liam\documents\visual studio 2013\projects\match3project\match3project\debug\main.obj
d:\liam\documents\visual studio 2013\projects\match3project\match3project\debug\gridhandle.obj
d:\liam\documents\visual studio 2013\projects\match3project\match3project\debug\gridinit.obj
d:\liam\documents\visual studio 2013\projects\match3project\debug\match3project.ilk
d:\liam\documents\visual studio 2013\projects\match3project\debug\match3project.exe
d:\liam\documents\visual studio 2013\projects\match3project\debug\match3project.pdb
d:\liam\documents\soft20091project\src\match3project\match3project\debug\gridhandle.obj
d:\liam\documents\soft20091project\src\match3project\match3project\debug\gridinit.obj
d:\liam\documents\soft20091project\src\match3project\match3project\debug\main.obj
d:\liam\documents\soft20091project\src\match3project\match3project\debug\match3project.obj
d:\liam\documents\soft20091project\src\match3project\match3project\debug\stdafx.obj
d:\liam\documents\soft20091project\src\match3project\match3project\debug\match3project.pch
d:\liam\documents\soft20091project\src\match3project\match3project\debug\vc120.idb
d:\liam\documents\soft20091project\src\match3project\match3project\debug\vc120.pdb
d:\liam\documents\soft20091project\src\match3project\debug\match3project.pdb
d:\liam\documents\soft20091project\src\match3project\debug\match3project.exe
d:\liam\documents\soft20091project\src\match3project\debug\match3project.ilk
d:\liam\documents\soft20091project\src\match3project\match3project\debug\match3project.tlog\cl.command.1.tlog
d:\liam\documents\soft20091project\src\match3project\match3project\debug\match3project.tlog\cl.read.1.tlog
d:\liam\documents\soft20091project\src\match3project\match3project\debug\match3project.tlog\cl.write.1.tlog
d:\liam\documents\soft20091project\src\match3project\match3project\debug\match3project.tlog\link.command.1.tlog
d:\liam\documents\soft20091project\src\match3project\match3project\debug\match3project.tlog\link.read.1.tlog
d:\liam\documents\soft20091project\src\match3project\match3project\debug\match3project.tlog\link.write.1.tlog
